<?xml version="1.0" encoding="UTF-8"?>
<!-- Generated by org.testng.reporters.JUnitReportReporter -->
<testsuite hostname="DESKTOP-T8S1LDH" failures="0" tests="1" name="pack.Test_face2" time="12.622" errors="0" timestamp="2024-06-24T13:51:54 CEST" skipped="0">
  <testcase classname="pack.Test_face2" name="Test4" time="12.622"/>
</testsuite> <!-- pack.Test_face2 -->
