<?xml version="1.0" encoding="UTF-8"?>
<!-- Generated by org.testng.reporters.JUnitReportReporter -->
<testsuite hostname="DESKTOP-T8S1LDH" failures="0" tests="3" name="pack.Test_face1" time="40.134" errors="0" timestamp="2024-07-03T09:43:24 CEST" skipped="0">
  <testcase classname="pack.Test_face1" name="test1" time="13.675"/>
  <testcase classname="pack.Test_face1" name="test2" time="11.479"/>
  <testcase classname="pack.Test_face1" name="test3" time="14.980"/>
</testsuite> <!-- pack.Test_face1 -->
